[LOG] System::create                           : Header version = 2.01.07. Current version = 2.01.07.
[LOG] Manager::init                            : maxchannels = 256 studioflags = 00000006 flags 00000000 extradriverdata 0000000000000000.
[LOG] SystemI::init                            : Initialize version=20107 (113487), maxchannels=256, flags=0x00020000
[LOG] SystemI::setOutputInternal               : Setting output to 'FMOD WASAPI Output'
[LOG] OutputWASAPI::init                       : Mix Format (WAVEFORMATEX): wFormatTag=0xFFFE, nChannels=8, nSamplesPerSec=48000, nAvgBytesPerSec=1536000, nBlockAlign=32, wBitsPerSample=32, cbSize=22.
[LOG] OutputWASAPI::init                       : Mix Format (WAVEFORMATEXTENSIBLE): wValidBitsPerSample=32, dwChannelMask=0x0000063F, SubFormat=00000003-0000-0010-8000-00AA00389B71.
[LOG] OutputWASAPI::init                       : Output buffer size: 4096 samples, latency: 0.00ms, period: 10.00ms, DSP buffer: 1024 * 4
[LOG] DownMix::init                            : dspbuffersize: 1024  rate: 48000. output speaker mode: 7, input speaker mode 3
[LOG] DownMix::init                            : done.
[LOG] Thread::initThread                       : Init FMOD stream thread. Affinity: 0x8000000000000003, Priority: 0xFFFF7FFB, Stack Size: 98304, Semaphore: No, Sleep Time: 10, Looping: Yes.
[LOG] Thread::initThread                       : Init FMOD mixer thread. Affinity: 0x8000000000000001, Priority: 0xFFFF7FFA, Stack Size: 81920, Semaphore: No, Sleep Time: 0, Looping: Yes.
[LOG] AsyncManager::init                       : manager 000001D2526BA2B8 isAsync 0 updatePeriod 0.02
[LOG] AsyncManager::init                       : done
[LOG] PlaybackSystem::init                     : 
[LOG] Thread::initThread                       : Init FMOD Studio sample load thread. Affinity: 0x8000000000000003, Priority: 0xFFFF7FFD, Stack Size: 98304, Semaphore: No, Sleep Time: 1, Looping: No.
[LOG] PlaybackSystem::init                     : done
[LOG] Thread::initThread                       : Init FMOD Studio bank load thread. Affinity: 0x8000000000000003, Priority: 0xFFFF7FFD, Stack Size: 98304, Semaphore: No, Sleep Time: 1, Looping: No.
[LOG] Manager::init                            : done.
[LOG] Manager::readBank                        : fileversion = 135, compatVersion = 132 (oldest = 44, newest = 135)
[LOG] Manager::readBank                        : fileversion = 135, compatVersion = 132 (oldest = 44, newest = 135)
[LOG] Manager::readBank                        : fileversion = 135, compatVersion = 132 (oldest = 44, newest = 135)
[LOG] SystemI::createSound                     : filename = ../FMOD_Banks/Music.bank : mode 02010082
[LOG] SystemI::createSound                     : FMOD_NONBLOCKING specified.  Putting into queue to be opened asynchronously!
[LOG] SystemI::createSound                     : setdata soundi = 000001D1A76C85E8 : node = 000001D25A735810
[LOG] SystemI::createSound                     : add node to async list : head = 000001D2526B1108.  list count = 0
[LOG] AsyncThread::threadFunc                  : Starting Asynchronous operation on sound 000001D1A76C85E8
[LOG] SystemI::createSoundInternal             :     Create name='../FMOD_Banks/Music.bank', mode=0x02010082
[LOG] SystemI::createSoundInternal             :     exinfo->cbsize             = 224
[LOG] SystemI::createSoundInternal             :     exinfo->length             = 3719904
[LOG] SystemI::createSoundInternal             :     exinfo->fileoffset         = 3776
[LOG] SystemI::createSoundInternal             :     exinfo->numsubsounds       = 1
[LOG] SystemI::createSoundInternal             :     exinfo->inclusionlist      = 000001D25A735920
[LOG] SystemI::createSoundInternal             :     exinfo->inclusionlistnum   = 1
[LOG] SystemI::createSound                     :     filename = ../FMOD_Banks/SFX.bank : mode 02010082
[LOG] SystemI::createSoundInternal             :     exinfo->suggestedsoundtype = 5
[LOG] SystemI::createSound                     :     FMOD_NONBLOCKING specified.  Putting into queue to be opened asynchronously!
[LOG] SystemI::createSound                     :     setdata soundi = 000001D2526782C8 : node = 000001D25A735A90
[LOG] SystemI::createSound                     :     add node to async list : head = 000001D2526B1108.  list count = 0
[LOG] SystemI::createSoundInternal             :     exinfo->initialseekpostype = 1
[LOG] SystemI::createSound                     :     filename = ../FMOD_Banks/SFX.bank : mode 02010082
[LOG] SystemI::createSound                     :     FMOD_NONBLOCKING specified.  Putting into queue to be opened asynchronously!
[LOG] SystemI::createSound                     :     setdata soundi = 000001D1D06CF1B8 : node = 000001D25A735BD0
[LOG] SystemI::createSound                     :     add node to async list : head = 000001D2526B1108.  list count = 1
[LOG] SystemI::createSoundInternal             :     Stream 0/1: name='Level 1 Music No Rain', format=5, channels=2, frequency=48000, lengthbytes=1549504, lengthpcm=7504341, pcmblocksize=0, loopstart=0, loopend=7502877, mode=0x00000000, channelmask=0x00000000, channelorder=0, peakvolume=0.631145.
[LOG] SystemI::createSound                     :     filename = ../FMOD_Banks/SFX.bank : mode 02010082
[LOG] SystemI::createSound                     :     FMOD_NONBLOCKING specified.  Putting into queue to be opened asynchronously!
[LOG] SystemI::createSound                     :     setdata soundi = 000001D260F52428 : node = 000001D252595A40
[LOG] SystemI::createSound                     :     add node to async list : head = 000001D2526B1108.  list count = 2
[LOG] AsyncThread::threadFunc                  : Finished Asynchronous operation on sound 000001D1A76C85E8
[LOG] AsyncThread::threadFunc                  : Starting Asynchronous operation on sound 000001D2526782C8
[LOG] SystemI::createSoundInternal             :     Create name='../FMOD_Banks/SFX.bank', mode=0x02010082
[LOG] SystemI::createSoundInternal             :     exinfo->cbsize             = 224
[LOG] SystemI::createSoundInternal             :     exinfo->length             = 14728832
[LOG] SystemI::createSoundInternal             :     exinfo->fileoffset         = 19456
[LOG] SystemI::createSoundInternal             :     exinfo->numsubsounds       = 1
[LOG] SystemI::createSoundInternal             :     exinfo->inclusionlist      = 000001D25A735BA0
[LOG] SystemI::createSoundInternal             :     exinfo->inclusionlistnum   = 1
[LOG] SystemI::createSoundInternal             :     exinfo->suggestedsoundtype = 5
[LOG] SystemI::createSoundInternal             :     exinfo->initialseekpostype = 1
[LOG] SystemI::createSoundInternal             :     Stream 0/1: name='Birds 01', format=5, channels=2, frequency=48000, lengthbytes=396256, lengthpcm=1529537, pcmblocksize=0, loopstart=0, loopend=1528613, mode=0x00000000, channelmask=0x00000000, channelorder=0, peakvolume=0.066545.
[LOG] AsyncThread::threadFunc                  : Finished Asynchronous operation on sound 000001D2526782C8
[LOG] AsyncThread::threadFunc                  : Starting Asynchronous operation on sound 000001D1D06CF1B8
[LOG] SystemI::createSoundInternal             :     Create name='../FMOD_Banks/SFX.bank', mode=0x02010082
[LOG] SystemI::createSoundInternal             :     exinfo->cbsize             = 224
[LOG] SystemI::createSoundInternal             :     exinfo->length             = 14728832
[LOG] SystemI::createSoundInternal             :     exinfo->fileoffset         = 19456
[LOG] SystemI::createSoundInternal             :     exinfo->numsubsounds       = 1
[LOG] SystemI::createSoundInternal             :     exinfo->inclusionlist      = 000001D25A735CE0
[LOG] SystemI::createSoundInternal             :     exinfo->inclusionlistnum   = 1
[LOG] SystemI::createSoundInternal             :     exinfo->suggestedsoundtype = 5
[LOG] SystemI::createSoundInternal             :     exinfo->initialseekposition = 3000
[LOG] SystemI::createSoundInternal             :     exinfo->initialseekpostype = 1
[LOG] SystemI::createSoundInternal             :     Stream 0/1: name='Fountain-10Min', format=5, channels=2, frequency=48000, lengthbytes=11136928, lengthpcm=31058546, pcmblocksize=0, loopstart=0, loopend=0, mode=0x00000000, channelmask=0x00000000, channelorder=0, peakvolume=0.950531.
[LOG] AsyncThread::threadFunc                  : Finished Asynchronous operation on sound 000001D1D06CF1B8
[LOG] AsyncThread::threadFunc                  : Starting Asynchronous operation on sound 000001D260F52428
[LOG] SystemI::createSoundInternal             :     Create name='../FMOD_Banks/SFX.bank', mode=0x02010082
[LOG] SystemI::createSoundInternal             :     exinfo->cbsize             = 224
[LOG] SystemI::createSoundInternal             :     exinfo->length             = 14728832
[LOG] SystemI::createSoundInternal             :     exinfo->fileoffset         = 19456
[LOG] SystemI::createSoundInternal             :     exinfo->numsubsounds       = 1
[LOG] SystemI::createSoundInternal             :     exinfo->inclusionlist      = 000001D252595B50
[LOG] SystemI::createSoundInternal             :     exinfo->inclusionlistnum   = 1
[LOG] SystemI::createSoundInternal             :     exinfo->suggestedsoundtype = 5
[LOG] SystemI::createSoundInternal             :     exinfo->initialseekpostype = 1
[LOG] SystemI::createSoundInternal             :     Stream 0/1: name='Rain', format=5, channels=2, frequency=48000, lengthbytes=965568, lengthpcm=3583784, pcmblocksize=0, loopstart=0, loopend=0, mode=0x00000000, channelmask=0x00000000, channelorder=0, peakvolume=0.146969.
[LOG] AsyncThread::threadFunc                  : Finished Asynchronous operation on sound 000001D260F52428
[LOG] AsyncThread::threadFunc                  : Starting Asynchronous operation on sound 000001D1D06D0298
[LOG] AsyncThread::threadFunc                  : Finished Asynchronous operation on sound 000001D1D06D0298
[LOG] AsyncThread::threadFunc                  : Starting Asynchronous operation on sound 000001D260F52788
[LOG] AsyncThread::threadFunc                  : Finished Asynchronous operation on sound 000001D260F52788
[LOG] SoundI::release                          : Rain (000001D252677DB8)
[LOG] SoundI::release                          :     Rain (000001D14C6D7FC8)
[LOG] SoundI::release                          :     Rain (000001D252679048)
[LOG] SoundI::release                          : Menu Music No Rain (000001D252677C08)
[LOG] SoundI::release                          :     Menu Music No Rain (000001D14C6D7E28)
[LOG] SoundI::release                          :     Menu Music No Rain (000001D252678B38)
[LOG] Manager::readBank                        : fileversion = 135, compatVersion = 132 (oldest = 44, newest = 135)
[LOG] SystemI::createSoundInternal             : Create name='', mode=0x02000202
[LOG] SystemI::createSoundInternal             : exinfo->cbsize             = 224
[LOG] SystemI::createSoundInternal             : exinfo->length             = 388224
[LOG] SystemI::createSoundInternal             : exinfo->fileoffset         = 16960
[LOG] SystemI::createSoundInternal             : exinfo->numsubsounds       = 1
[LOG] SystemI::createSoundInternal             : exinfo->inclusionlist      = 00000024E560F498
[LOG] SystemI::createSoundInternal             : exinfo->inclusionlistnum   = 1
[LOG] SystemI::createSoundInternal             : exinfo->suggestedsoundtype = 5
[LOG] SystemI::createSoundInternal             : exinfo->useropen           = 00007FFBEC6A7B10
[LOG] SystemI::createSoundInternal             : exinfo->userclose          = 00007FFBEC6A7AE0
[LOG] SystemI::createSoundInternal             : exinfo->userread           = 00007FFBEC6A7BE0
[LOG] SystemI::createSoundInternal             : exinfo->userseek           = 00007FFBEC6A7CA0
[LOG] SystemI::createSoundInternal             : exinfo->fileuserdata       = 000001D1AB4AB008
[LOG] SystemI::createSoundInternal             : exinfo->initialseekpostype = 1
[LOG] SystemI::DSPCodecPoolRegister            : register codec pool for pool type 5
[LOG] SystemI::createSoundInternal             : Sample 0/1: name='Mid Spirit 10', format=5, channels=2, frequency=48000, lengthbytes=5216, lengthpcm=24807, pcmblocksize=0, loopstart=0, loopend=0, mode=0x00000000, channelmask=0x00000000, channelorder=0, peakvolume=0.785958.
[LOG] SystemI::createSoundInternal             : Create name='', mode=0x02000202
[LOG] SystemI::createSoundInternal             : exinfo->cbsize             = 224
[LOG] SystemI::createSoundInternal             : exinfo->length             = 388224
[LOG] SystemI::createSoundInternal             : exinfo->fileoffset         = 16960
[LOG] SystemI::createSoundInternal             : exinfo->numsubsounds       = 1
[LOG] SystemI::createSoundInternal             : exinfo->inclusionlist      = 00000024E560F498
[LOG] SystemI::createSoundInternal             : exinfo->inclusionlistnum   = 1
[LOG] SystemI::createSoundInternal             : exinfo->suggestedsoundtype = 5
[LOG] SystemI::createSoundInternal             : exinfo->useropen           = 00007FFBEC6A7B10
[LOG] SystemI::createSoundInternal             : exinfo->userclose          = 00007FFBEC6A7AE0
[LOG] SystemI::createSoundInternal             : exinfo->userread           = 00007FFBEC6A7BE0
[LOG] SystemI::createSoundInternal             : exinfo->userseek           = 00007FFBEC6A7CA0
[LOG] SystemI::createSoundInternal             : exinfo->fileuserdata       = 000001D1AB4AB008
[LOG] SystemI::createSoundInternal             : exinfo->initialseekpostype = 1
[LOG] SystemI::DSPCodecPoolRegister            : register codec pool for pool type 5
[LOG] SystemI::createSoundInternal             : Sample 0/1: name='Mid Spirit 09', format=5, channels=2, frequency=48000, lengthbytes=5824, lengthpcm=28091, pcmblocksize=0, loopstart=0, loopend=0, mode=0x00000000, channelmask=0x00000000, channelorder=0, peakvolume=0.534261.
[LOG] SystemI::createSoundInternal             : Create name='', mode=0x02000202
[LOG] SystemI::createSoundInternal             : exinfo->cbsize             = 224
[LOG] SystemI::createSoundInternal             : exinfo->length             = 388224
[LOG] SystemI::createSoundInternal             : exinfo->fileoffset         = 16960
[LOG] SystemI::createSoundInternal             : exinfo->numsubsounds       = 1
[LOG] SystemI::createSoundInternal             : exinfo->inclusionlist      = 00000024E560F498
[LOG] SystemI::createSoundInternal             : exinfo->inclusionlistnum   = 1
[LOG] SystemI::createSoundInternal             : exinfo->suggestedsoundtype = 5
[LOG] SystemI::createSoundInternal             : exinfo->useropen           = 00007FFBEC6A7B10
[LOG] SystemI::createSoundInternal             : exinfo->userclose          = 00007FFBEC6A7AE0
[LOG] SystemI::createSoundInternal             : exinfo->userread           = 00007FFBEC6A7BE0
[LOG] SystemI::createSoundInternal             : exinfo->userseek           = 00007FFBEC6A7CA0
[LOG] SystemI::createSoundInternal             : exinfo->fileuserdata       = 000001D1AB4AB008
[LOG] SystemI::createSoundInternal             : exinfo->initialseekpostype = 1
[LOG] SystemI::DSPCodecPoolRegister            : register codec pool for pool type 5
[LOG] SystemI::createSoundInternal             : Sample 0/1: name='Mid Spirit 06', format=5, channels=2, frequency=48000, lengthbytes=11136, lengthpcm=52471, pcmblocksize=0, loopstart=0, loopend=0, mode=0x00000000, channelmask=0x00000000, channelorder=0, peakvolume=0.835948.
[LOG] SystemI::createSoundInternal             : Create name='', mode=0x02000202
[LOG] SystemI::createSoundInternal             : exinfo->cbsize             = 224
[LOG] SystemI::createSoundInternal             : exinfo->length             = 388224
[LOG] SystemI::createSoundInternal             : exinfo->fileoffset         = 16960
[LOG] SystemI::createSoundInternal             : exinfo->numsubsounds       = 1
[LOG] SystemI::createSoundInternal             : exinfo->inclusionlist      = 00000024E560F498
[LOG] SystemI::createSoundInternal             : exinfo->inclusionlistnum   = 1
[LOG] SystemI::createSoundInternal             : exinfo->suggestedsoundtype = 5
[LOG] SystemI::createSoundInternal             : exinfo->useropen           = 00007FFBEC6A7B10
[LOG] SystemI::createSoundInternal             : exinfo->userclose          = 00007FFBEC6A7AE0
[LOG] SystemI::createSoundInternal             : exinfo->userread           = 00007FFBEC6A7BE0
[LOG] SystemI::createSoundInternal             : exinfo->userseek           = 00007FFBEC6A7CA0
[LOG] SystemI::createSoundInternal             : exinfo->fileuserdata       = 000001D1AB4AB008
[LOG] SystemI::createSoundInternal             : exinfo->initialseekpostype = 1
[LOG] SystemI::DSPCodecPoolRegister            : register codec pool for pool type 5
[LOG] SystemI::createSoundInternal             : Sample 0/1: name='Mid Spirit 11', format=5, channels=2, frequency=48000, lengthbytes=5120, lengthpcm=24078, pcmblocksize=0, loopstart=0, loopend=0, mode=0x00000000, channelmask=0x00000000, channelorder=0, peakvolume=1.000000.
[LOG] SystemI::createSoundInternal             : Create name='', mode=0x02000202
[LOG] SystemI::createSoundInternal             : exinfo->cbsize             = 224
[LOG] SystemI::createSoundInternal             : exinfo->length             = 388224
[LOG] SystemI::createSoundInternal             : exinfo->fileoffset         = 16960
[LOG] SystemI::createSoundInternal             : exinfo->numsubsounds       = 1
[LOG] SystemI::createSoundInternal             : exinfo->inclusionlist      = 00000024E560F498
[LOG] SystemI::createSoundInternal             : exinfo->inclusionlistnum   = 1
[LOG] SystemI::createSoundInternal             : exinfo->suggestedsoundtype = 5
[LOG] SystemI::createSoundInternal             : exinfo->useropen           = 00007FFBEC6A7B10
[LOG] SystemI::createSoundInternal             : exinfo->userclose          = 00007FFBEC6A7AE0
[LOG] SystemI::createSoundInternal             : exinfo->userread           = 00007FFBEC6A7BE0
[LOG] SystemI::createSoundInternal             : exinfo->userseek           = 00007FFBEC6A7CA0
[LOG] SystemI::createSoundInternal             : exinfo->fileuserdata       = 000001D1AB4AB008
[LOG] SystemI::createSoundInternal             : exinfo->initialseekpostype = 1
[LOG] SystemI::DSPCodecPoolRegister            : register codec pool for pool type 5
[LOG] SystemI::createSoundInternal             : Sample 0/1: name='Mid Spirit 03', format=5, channels=2, frequency=48000, lengthbytes=4928, lengthpcm=22935, pcmblocksize=0, loopstart=0, loopend=0, mode=0x00000000, channelmask=0x00000000, channelorder=0, peakvolume=0.708615.
[LOG] SystemI::createSoundInternal             : Create name='', mode=0x02000202
[LOG] SystemI::createSoundInternal             : exinfo->cbsize             = 224
[LOG] SystemI::createSoundInternal             : exinfo->length             = 388224
[LOG] SystemI::createSoundInternal             : exinfo->fileoffset         = 16960
[LOG] SystemI::createSoundInternal             : exinfo->numsubsounds       = 1
[LOG] SystemI::createSoundInternal             : exinfo->inclusionlist      = 00000024E560F498
[LOG] SystemI::createSoundInternal             : exinfo->inclusionlistnum   = 1
[LOG] SystemI::createSoundInternal             : exinfo->suggestedsoundtype = 5
[LOG] SystemI::createSoundInternal             : exinfo->useropen           = 00007FFBEC6A7B10
[LOG] SystemI::createSoundInternal             : exinfo->userclose          = 00007FFBEC6A7AE0
[LOG] SystemI::createSoundInternal             : exinfo->userread           = 00007FFBEC6A7BE0
[LOG] SystemI::createSoundInternal             : exinfo->userseek           = 00007FFBEC6A7CA0
[LOG] SystemI::createSoundInternal             : exinfo->fileuserdata       = 000001D1AB4AB008
[LOG] SystemI::createSoundInternal             : exinfo->initialseekpostype = 1
[LOG] SystemI::DSPCodecPoolRegister            : register codec pool for pool type 5
[LOG] SystemI::createSoundInternal             : Sample 0/1: name='Piano Spirit Collect', format=5, channels=2, frequency=48000, lengthbytes=35200, lengthpcm=253073, pcmblocksize=0, loopstart=0, loopend=0, mode=0x00000000, channelmask=0x00000000, channelorder=0, peakvolume=0.393072.
[LOG] SystemI::createSoundInternal             : Create name='', mode=0x02000202
[LOG] SystemI::createSoundInternal             : exinfo->cbsize             = 224
[LOG] SystemI::createSoundInternal             : exinfo->length             = 388224
[LOG] SystemI::createSoundInternal             : exinfo->fileoffset         = 16960
[LOG] SystemI::createSoundInternal             : exinfo->numsubsounds       = 1
[LOG] SystemI::createSoundInternal             : exinfo->inclusionlist      = 00000024E560F498
[LOG] SystemI::createSoundInternal             : exinfo->inclusionlistnum   = 1
[LOG] SystemI::createSoundInternal             : exinfo->suggestedsoundtype = 5
[LOG] SystemI::createSoundInternal             : exinfo->useropen           = 00007FFBEC6A7B10
[LOG] SystemI::createSoundInternal             : exinfo->userclose          = 00007FFBEC6A7AE0
[LOG] SystemI::createSoundInternal             : exinfo->userread           = 00007FFBEC6A7BE0
[LOG] SystemI::createSoundInternal             : exinfo->userseek           = 00007FFBEC6A7CA0
[LOG] SystemI::createSoundInternal             : exinfo->fileuserdata       = 000001D1AB4AB008
[LOG] SystemI::createSoundInternal             : exinfo->initialseekpostype = 1
[LOG] SystemI::DSPCodecPoolRegister            : register codec pool for pool type 5
[LOG] SystemI::createSoundInternal             : Sample 0/1: name='Mid Spirit 04', format=5, channels=2, frequency=48000, lengthbytes=9152, lengthpcm=46943, pcmblocksize=0, loopstart=0, loopend=0, mode=0x00000000, channelmask=0x00000000, channelorder=0, peakvolume=0.907266.
[LOG] SystemI::createSoundInternal             : Create name='', mode=0x02000202
[LOG] SystemI::createSoundInternal             : exinfo->cbsize             = 224
[LOG] SystemI::createSoundInternal             : exinfo->length             = 388224
[LOG] SystemI::createSoundInternal             : exinfo->fileoffset         = 16960
[LOG] SystemI::createSoundInternal             : exinfo->numsubsounds       = 1
[LOG] SystemI::createSoundInternal             : exinfo->inclusionlist      = 00000024E560F498
[LOG] SystemI::createSoundInternal             : exinfo->inclusionlistnum   = 1
[LOG] SystemI::createSoundInternal             : exinfo->suggestedsoundtype = 5
[LOG] SystemI::createSoundInternal             : exinfo->useropen           = 00007FFBEC6A7B10
[LOG] SystemI::createSoundInternal             : exinfo->userclose          = 00007FFBEC6A7AE0
[LOG] SystemI::createSoundInternal             : exinfo->userread           = 00007FFBEC6A7BE0
[LOG] SystemI::createSoundInternal             : exinfo->userseek           = 00007FFBEC6A7CA0
[LOG] SystemI::createSoundInternal             : exinfo->fileuserdata       = 000001D1AB4AB008
[LOG] SystemI::createSoundInternal             : exinfo->initialseekpostype = 1
[LOG] SystemI::DSPCodecPoolRegister            : register codec pool for pool type 5
[LOG] SystemI::createSoundInternal             : Sample 0/1: name='Mid Spirit 08', format=5, channels=2, frequency=48000, lengthbytes=4960, lengthpcm=23856, pcmblocksize=0, loopstart=0, loopend=0, mode=0x00000000, channelmask=0x00000000, channelorder=0, peakvolume=0.871993.
[LOG] SystemI::createSoundInternal             : Create name='', mode=0x02000202
[LOG] SystemI::createSoundInternal             : exinfo->cbsize             = 224
[LOG] SystemI::createSoundInternal             : exinfo->length             = 388224
[LOG] SystemI::createSoundInternal             : exinfo->fileoffset         = 16960
[LOG] SystemI::createSoundInternal             : exinfo->numsubsounds       = 1
[LOG] SystemI::createSoundInternal             : exinfo->inclusionlist      = 00000024E560F498
[LOG] SystemI::createSoundInternal             : exinfo->inclusionlistnum   = 1
[LOG] SystemI::createSoundInternal             : exinfo->suggestedsoundtype = 5
[LOG] SystemI::createSoundInternal             : exinfo->useropen           = 00007FFBEC6A7B10
[LOG] SystemI::createSoundInternal             : exinfo->userclose          = 00007FFBEC6A7AE0
[LOG] SystemI::createSoundInternal             : exinfo->userread           = 00007FFBEC6A7BE0
[LOG] SystemI::createSoundInternal             : exinfo->userseek           = 00007FFBEC6A7CA0
[LOG] SystemI::createSoundInternal             : exinfo->fileuserdata       = 000001D1AB4AB008
[LOG] SystemI::createSoundInternal             : exinfo->initialseekpostype = 1
[LOG] SystemI::DSPCodecPoolRegister            : register codec pool for pool type 5
[LOG] SystemI::createSoundInternal             : Sample 0/1: name='Mid Spirit 02', format=5, channels=2, frequency=48000, lengthbytes=8000, lengthpcm=37030, pcmblocksize=0, loopstart=0, loopend=0, mode=0x00000000, channelmask=0x00000000, channelorder=0, peakvolume=0.753441.
[LOG] SystemI::createSoundInternal             : Create name='', mode=0x02000202
[LOG] SystemI::createSoundInternal             : exinfo->cbsize             = 224
[LOG] SystemI::createSoundInternal             : exinfo->length             = 388224
[LOG] SystemI::createSoundInternal             : exinfo->fileoffset         = 16960
[LOG] SystemI::createSoundInternal             : exinfo->numsubsounds       = 1
[LOG] SystemI::createSoundInternal             : exinfo->inclusionlist      = 00000024E560F498
[LOG] SystemI::createSoundInternal             : exinfo->inclusionlistnum   = 1
[LOG] SystemI::createSoundInternal             : exinfo->suggestedsoundtype = 5
[LOG] SystemI::createSoundInternal             : exinfo->useropen           = 00007FFBEC6A7B10
[LOG] SystemI::createSoundInternal             : exinfo->userclose          = 00007FFBEC6A7AE0
[LOG] SystemI::createSoundInternal             : exinfo->userread           = 00007FFBEC6A7BE0
[LOG] SystemI::createSoundInternal             : exinfo->userseek           = 00007FFBEC6A7CA0
[LOG] SystemI::createSoundInternal             : exinfo->fileuserdata       = 000001D1AB4AB008
[LOG] SystemI::createSoundInternal             : exinfo->initialseekpostype = 1
[LOG] SystemI::DSPCodecPoolRegister            : register codec pool for pool type 5
[LOG] SystemI::createSoundInternal             : Sample 0/1: name='Mid Spirit 05', format=5, channels=2, frequency=48000, lengthbytes=4960, lengthpcm=22225, pcmblocksize=0, loopstart=0, loopend=0, mode=0x00000000, channelmask=0x00000000, channelorder=0, peakvolume=1.000000.
[LOG] SystemI::createSoundInternal             : Create name='', mode=0x02000202
[LOG] SystemI::createSoundInternal             : exinfo->cbsize             = 224
[LOG] SystemI::createSoundInternal             : exinfo->length             = 388224
[LOG] SystemI::createSoundInternal             : exinfo->fileoffset         = 16960
[LOG] SystemI::createSoundInternal             : exinfo->numsubsounds       = 1
[LOG] SystemI::createSoundInternal             : exinfo->inclusionlist      = 00000024E560F498
[LOG] SystemI::createSoundInternal             : exinfo->inclusionlistnum   = 1
[LOG] SystemI::createSoundInternal             : exinfo->suggestedsoundtype = 5
[LOG] SystemI::createSoundInternal             : exinfo->useropen           = 00007FFBEC6A7B10
[LOG] SystemI::createSoundInternal             : exinfo->userclose          = 00007FFBEC6A7AE0
[LOG] SystemI::createSoundInternal             : exinfo->userread           = 00007FFBEC6A7BE0
[LOG] SystemI::createSoundInternal             : exinfo->userseek           = 00007FFBEC6A7CA0
[LOG] SystemI::createSoundInternal             : exinfo->fileuserdata       = 000001D1AB4AB008
[LOG] SystemI::createSoundInternal             : exinfo->initialseekpostype = 1
[LOG] SystemI::DSPCodecPoolRegister            : register codec pool for pool type 5
[LOG] SystemI::createSoundInternal             : Sample 0/1: name='Mid Spirit 13', format=5, channels=2, frequency=48000, lengthbytes=5440, lengthpcm=24825, pcmblocksize=0, loopstart=0, loopend=0, mode=0x00000000, channelmask=0x00000000, channelorder=0, peakvolume=0.807523.
[LOG] SystemI::createSoundInternal             : Create name='', mode=0x02000202
[LOG] SystemI::createSoundInternal             : exinfo->cbsize             = 224
[LOG] SystemI::createSoundInternal             : exinfo->length             = 388224
[LOG] SystemI::createSoundInternal             : exinfo->fileoffset         = 16960
[LOG] SystemI::createSoundInternal             : exinfo->numsubsounds       = 1
[LOG] SystemI::createSoundInternal             : exinfo->inclusionlist      = 00000024E560F498
[LOG] SystemI::createSoundInternal             : exinfo->inclusionlistnum   = 1
[LOG] SystemI::createSoundInternal             : exinfo->suggestedsoundtype = 5
[LOG] SystemI::createSoundInternal             : exinfo->useropen           = 00007FFBEC6A7B10
[LOG] SystemI::createSoundInternal             : exinfo->userclose          = 00007FFBEC6A7AE0
[LOG] SystemI::createSoundInternal             : exinfo->userread           = 00007FFBEC6A7BE0
[LOG] SystemI::createSoundInternal             : exinfo->userseek           = 00007FFBEC6A7CA0
[LOG] SystemI::createSoundInternal             : exinfo->fileuserdata       = 000001D1AB4AB008
[LOG] SystemI::createSoundInternal             : exinfo->initialseekpostype = 1
[LOG] SystemI::DSPCodecPoolRegister            : register codec pool for pool type 5
[LOG] SystemI::createSoundInternal             : Sample 0/1: name='Mid Spirit 01', format=5, channels=2, frequency=48000, lengthbytes=5664, lengthpcm=26489, pcmblocksize=0, loopstart=0, loopend=0, mode=0x00000000, channelmask=0x00000000, channelorder=0, peakvolume=0.740822.
[LOG] SystemI::createSoundInternal             : Create name='', mode=0x02000202
[LOG] SystemI::createSoundInternal             : exinfo->cbsize             = 224
[LOG] SystemI::createSoundInternal             : exinfo->length             = 388224
[LOG] SystemI::createSoundInternal             : exinfo->fileoffset         = 16960
[LOG] SystemI::createSoundInternal             : exinfo->numsubsounds       = 1
[LOG] SystemI::createSoundInternal             : exinfo->inclusionlist      = 00000024E560F498
[LOG] SystemI::createSoundInternal             : exinfo->inclusionlistnum   = 1
[LOG] SystemI::createSoundInternal             : exinfo->suggestedsoundtype = 5
[LOG] SystemI::createSoundInternal             : exinfo->useropen           = 00007FFBEC6A7B10
[LOG] SystemI::createSoundInternal             : exinfo->userclose          = 00007FFBEC6A7AE0
[LOG] SystemI::createSoundInternal             : exinfo->userread           = 00007FFBEC6A7BE0
[LOG] SystemI::createSoundInternal             : exinfo->userseek           = 00007FFBEC6A7CA0
[LOG] SystemI::createSoundInternal             : exinfo->fileuserdata       = 000001D1AB4AB008
[LOG] SystemI::createSoundInternal             : exinfo->initialseekpostype = 1
[LOG] SystemI::DSPCodecPoolRegister            : register codec pool for pool type 5
[LOG] SystemI::createSoundInternal             : Sample 0/1: name='Mid Spirit 07', format=5, channels=2, frequency=48000, lengthbytes=7488, lengthpcm=34102, pcmblocksize=0, loopstart=0, loopend=0, mode=0x00000000, channelmask=0x00000000, channelorder=0, peakvolume=0.814556.
[LOG] SystemI::createSoundInternal             : Create name='', mode=0x02000202
[LOG] SystemI::createSoundInternal             : exinfo->cbsize             = 224
[LOG] SystemI::createSoundInternal             : exinfo->length             = 388224
[LOG] SystemI::createSoundInternal             : exinfo->fileoffset         = 16960
[LOG] SystemI::createSoundInternal             : exinfo->numsubsounds       = 1
[LOG] SystemI::createSoundInternal             : exinfo->inclusionlist      = 00000024E560F498
[LOG] SystemI::createSoundInternal             : exinfo->inclusionlistnum   = 1
[LOG] SystemI::createSoundInternal             : exinfo->suggestedsoundtype = 5
[LOG] SystemI::createSoundInternal             : exinfo->useropen           = 00007FFBEC6A7B10
[LOG] SystemI::createSoundInternal             : exinfo->userclose          = 00007FFBEC6A7AE0
[LOG] SystemI::createSoundInternal             : exinfo->userread           = 00007FFBEC6A7BE0
[LOG] SystemI::createSoundInternal             : exinfo->userseek           = 00007FFBEC6A7CA0
[LOG] SystemI::createSoundInternal             : exinfo->fileuserdata       = 000001D1AB4AB008
[LOG] SystemI::createSoundInternal             : exinfo->initialseekpostype = 1
[LOG] SystemI::DSPCodecPoolRegister            : register codec pool for pool type 5
[LOG] SystemI::createSoundInternal             : Sample 0/1: name='Mid Spirit 12', format=5, channels=2, frequency=48000, lengthbytes=7712, lengthpcm=40505, pcmblocksize=0, loopstart=0, loopend=0, mode=0x00000000, channelmask=0x00000000, channelorder=0, peakvolume=0.863838.
[LOG] SystemI::createSoundInternal             : Create name='', mode=0x02000202
[LOG] SystemI::createSoundInternal             : exinfo->cbsize             = 224
[LOG] SystemI::createSoundInternal             : exinfo->length             = 388224
[LOG] SystemI::createSoundInternal             : exinfo->fileoffset         = 16960
[LOG] SystemI::createSoundInternal             : exinfo->numsubsounds       = 1
[LOG] SystemI::createSoundInternal             : exinfo->inclusionlist      = 00000024E560F498
[LOG] SystemI::createSoundInternal             : exinfo->inclusionlistnum   = 1
[LOG] SystemI::createSoundInternal             : exinfo->suggestedsoundtype = 5
[LOG] SystemI::createSoundInternal             : exinfo->useropen           = 00007FFBEC6A7B10
[LOG] SystemI::createSoundInternal             : exinfo->userclose          = 00007FFBEC6A7AE0
[LOG] SystemI::createSoundInternal             : exinfo->userread           = 00007FFBEC6A7BE0
[LOG] SystemI::createSoundInternal             : exinfo->userseek           = 00007FFBEC6A7CA0
[LOG] SystemI::createSoundInternal             : exinfo->fileuserdata       = 000001D261800BC8
[LOG] SystemI::createSoundInternal             : exinfo->initialseekpostype = 1
[LOG] SystemI::DSPCodecPoolRegister            : register codec pool for pool type 5
[LOG] SystemI::createSoundInternal             : Sample 0/1: name='Low Spirit 11', format=5, channels=2, frequency=48000, lengthbytes=12736, lengthpcm=67434, pcmblocksize=0, loopstart=0, loopend=0, mode=0x00000000, channelmask=0x00000000, channelorder=0, peakvolume=0.553617.
[LOG] SystemI::createSoundInternal             : Create name='', mode=0x02000202
[LOG] SystemI::createSoundInternal             : exinfo->cbsize             = 224
[LOG] SystemI::createSoundInternal             : exinfo->length             = 388224
[LOG] SystemI::createSoundInternal             : exinfo->fileoffset         = 16960
[LOG] SystemI::createSoundInternal             : exinfo->numsubsounds       = 1
[LOG] SystemI::createSoundInternal             : exinfo->inclusionlist      = 00000024E560F498
[LOG] SystemI::createSoundInternal             : exinfo->inclusionlistnum   = 1
[LOG] SystemI::createSoundInternal             : exinfo->suggestedsoundtype = 5
[LOG] SystemI::createSoundInternal             : exinfo->useropen           = 00007FFBEC6A7B10
[LOG] SystemI::createSoundInternal             : exinfo->userclose          = 00007FFBEC6A7AE0
[LOG] SystemI::createSoundInternal             : exinfo->userread           = 00007FFBEC6A7BE0
[LOG] SystemI::createSoundInternal             : exinfo->userseek           = 00007FFBEC6A7CA0
[LOG] SystemI::createSoundInternal             : exinfo->fileuserdata       = 000001D261800BC8
[LOG] SystemI::createSoundInternal             : exinfo->initialseekpostype = 1
[LOG] SystemI::DSPCodecPoolRegister            : register codec pool for pool type 5
[LOG] SystemI::createSoundInternal             : Sample 0/1: name='Low Spirit 01', format=5, channels=2, frequency=48000, lengthbytes=16512, lengthpcm=90240, pcmblocksize=0, loopstart=0, loopend=0, mode=0x00000000, channelmask=0x00000000, channelorder=0, peakvolume=0.752038.
[LOG] SystemI::createSoundInternal             : Create name='', mode=0x02000202
[LOG] SystemI::createSoundInternal             : exinfo->cbsize             = 224
[LOG] SystemI::createSoundInternal             : exinfo->length             = 388224
[LOG] SystemI::createSoundInternal             : exinfo->fileoffset         = 16960
[LOG] SystemI::createSoundInternal             : exinfo->numsubsounds       = 1
[LOG] SystemI::createSoundInternal             : exinfo->inclusionlist      = 00000024E560F498
[LOG] SystemI::createSoundInternal             : exinfo->inclusionlistnum   = 1
[LOG] SystemI::createSoundInternal             : exinfo->suggestedsoundtype = 5
[LOG] SystemI::createSoundInternal             : exinfo->useropen           = 00007FFBEC6A7B10
[LOG] SystemI::createSoundInternal             : exinfo->userclose          = 00007FFBEC6A7AE0
[LOG] SystemI::createSoundInternal             : exinfo->userread           = 00007FFBEC6A7BE0
[LOG] SystemI::createSoundInternal             : exinfo->userseek           = 00007FFBEC6A7CA0
[LOG] SystemI::createSoundInternal             : exinfo->fileuserdata       = 000001D261800BC8
[LOG] SystemI::createSoundInternal             : exinfo->initialseekpostype = 1
[LOG] SystemI::DSPCodecPoolRegister            : register codec pool for pool type 5
[LOG] SystemI::createSoundInternal             : Sample 0/1: name='Low Spirit 13', format=5, channels=2, frequency=48000, lengthbytes=15072, lengthpcm=76939, pcmblocksize=0, loopstart=0, loopend=0, mode=0x00000000, channelmask=0x00000000, channelorder=0, peakvolume=0.634963.
[LOG] SystemI::createSoundInternal             : Create name='', mode=0x02000202
[LOG] SystemI::createSoundInternal             : exinfo->cbsize             = 224
[LOG] SystemI::createSoundInternal             : exinfo->length             = 388224
[LOG] SystemI::createSoundInternal             : exinfo->fileoffset         = 16960
[LOG] SystemI::createSoundInternal             : exinfo->numsubsounds       = 1
[LOG] SystemI::createSoundInternal             : exinfo->inclusionlist      = 00000024E560F498
[LOG] SystemI::createSoundInternal             : exinfo->inclusionlistnum   = 1
[LOG] SystemI::createSoundInternal             : exinfo->suggestedsoundtype = 5
[LOG] SystemI::createSoundInternal             : exinfo->useropen           = 00007FFBEC6A7B10
[LOG] SystemI::createSoundInternal             : exinfo->userclose          = 00007FFBEC6A7AE0
[LOG] SystemI::createSoundInternal             : exinfo->userread           = 00007FFBEC6A7BE0
[LOG] SystemI::createSoundInternal             : exinfo->userseek           = 00007FFBEC6A7CA0
[LOG] SystemI::createSoundInternal             : exinfo->fileuserdata       = 000001D261800BC8
[LOG] SystemI::createSoundInternal             : exinfo->initialseekpostype = 1
[LOG] SystemI::DSPCodecPoolRegister            : register codec pool for pool type 5
[LOG] SystemI::createSoundInternal             : Sample 0/1: name='Low Spirit 08', format=5, channels=2, frequency=48000, lengthbytes=17856, lengthpcm=96127, pcmblocksize=0, loopstart=0, loopend=0, mode=0x00000000, channelmask=0x00000000, channelorder=0, peakvolume=0.795165.
[LOG] SystemI::createSoundInternal             : Create name='', mode=0x02000202
[LOG] SystemI::createSoundInternal             : exinfo->cbsize             = 224
[LOG] SystemI::createSoundInternal             : exinfo->length             = 388224
[LOG] SystemI::createSoundInternal             : exinfo->fileoffset         = 16960
[LOG] SystemI::createSoundInternal             : exinfo->numsubsounds       = 1
[LOG] SystemI::createSoundInternal             : exinfo->inclusionlist      = 00000024E560F498
[LOG] SystemI::createSoundInternal             : exinfo->inclusionlistnum   = 1
[LOG] SystemI::createSoundInternal             : exinfo->suggestedsoundtype = 5
[LOG] SystemI::createSoundInternal             : exinfo->useropen           = 00007FFBEC6A7B10
[LOG] SystemI::createSoundInternal             : exinfo->userclose          = 00007FFBEC6A7AE0
[LOG] SystemI::createSoundInternal             : exinfo->userread           = 00007FFBEC6A7BE0
[LOG] SystemI::createSoundInternal             : exinfo->userseek           = 00007FFBEC6A7CA0
[LOG] SystemI::createSoundInternal             : exinfo->fileuserdata       = 000001D261800BC8
[LOG] SystemI::createSoundInternal             : exinfo->initialseekpostype = 1
[LOG] SystemI::DSPCodecPoolRegister            : register codec pool for pool type 5
[LOG] SystemI::createSoundInternal             : Sample 0/1: name='Low Spirit 06', format=5, channels=2, frequency=48000, lengthbytes=14912, lengthpcm=84070, pcmblocksize=0, loopstart=0, loopend=0, mode=0x00000000, channelmask=0x00000000, channelorder=0, peakvolume=0.545178.
[LOG] SystemI::createSoundInternal             : Create name='', mode=0x02000202
[LOG] SystemI::createSoundInternal             : exinfo->cbsize             = 224
[LOG] SystemI::createSoundInternal             : exinfo->length             = 388224
[LOG] SystemI::createSoundInternal             : exinfo->fileoffset         = 16960
[LOG] SystemI::createSoundInternal             : exinfo->numsubsounds       = 1
[LOG] SystemI::createSoundInternal             : exinfo->inclusionlist      = 00000024E560F498
[LOG] SystemI::createSoundInternal             : exinfo->inclusionlistnum   = 1
[LOG] SystemI::createSoundInternal             : exinfo->suggestedsoundtype = 5
[LOG] SystemI::createSoundInternal             : exinfo->useropen           = 00007FFBEC6A7B10
[LOG] SystemI::createSoundInternal             : exinfo->userclose          = 00007FFBEC6A7AE0
[LOG] SystemI::createSoundInternal             : exinfo->userread           = 00007FFBEC6A7BE0
[LOG] SystemI::createSoundInternal             : exinfo->userseek           = 00007FFBEC6A7CA0
[LOG] SystemI::createSoundInternal             : exinfo->fileuserdata       = 000001D261800BC8
[LOG] SystemI::createSoundInternal             : exinfo->initialseekpostype = 1
[LOG] SystemI::DSPCodecPoolRegister            : register codec pool for pool type 5
[LOG] SystemI::createSoundInternal             : Sample 0/1: name='Low Spirit 09', format=5, channels=2, frequency=48000, lengthbytes=19360, lengthpcm=104839, pcmblocksize=0, loopstart=0, loopend=0, mode=0x00000000, channelmask=0x00000000, channelorder=0, peakvolume=0.578841.
[LOG] SystemI::createSoundInternal             : Create name='', mode=0x02000202
[LOG] SystemI::createSoundInternal             : exinfo->cbsize             = 224
[LOG] SystemI::createSoundInternal             : exinfo->length             = 388224
[LOG] SystemI::createSoundInternal             : exinfo->fileoffset         = 16960
[LOG] SystemI::createSoundInternal             : exinfo->numsubsounds       = 1
[LOG] SystemI::createSoundInternal             : exinfo->inclusionlist      = 00000024E560F498
[LOG] SystemI::createSoundInternal             : exinfo->inclusionlistnum   = 1
[LOG] SystemI::createSoundInternal             : exinfo->suggestedsoundtype = 5
[LOG] SystemI::createSoundInternal             : exinfo->useropen           = 00007FFBEC6A7B10
[LOG] SystemI::createSoundInternal             : exinfo->userclose          = 00007FFBEC6A7AE0
[LOG] SystemI::createSoundInternal             : exinfo->userread           = 00007FFBEC6A7BE0
[LOG] SystemI::createSoundInternal             : exinfo->userseek           = 00007FFBEC6A7CA0
[LOG] SystemI::createSoundInternal             : exinfo->fileuserdata       = 000001D261800BC8
[LOG] SystemI::createSoundInternal             : exinfo->initialseekpostype = 1
[LOG] SystemI::DSPCodecPoolRegister            : register codec pool for pool type 5
[LOG] SystemI::createSoundInternal             : Sample 0/1: name='Low Spirit 02', format=5, channels=2, frequency=48000, lengthbytes=14752, lengthpcm=81080, pcmblocksize=0, loopstart=0, loopend=0, mode=0x00000000, channelmask=0x00000000, channelorder=0, peakvolume=0.603328.
[LOG] SystemI::createSoundInternal             : Create name='', mode=0x02000202
[LOG] SystemI::createSoundInternal             : exinfo->cbsize             = 224
[LOG] SystemI::createSoundInternal             : exinfo->length             = 388224
[LOG] SystemI::createSoundInternal             : exinfo->fileoffset         = 16960
[LOG] SystemI::createSoundInternal             : exinfo->numsubsounds       = 1
[LOG] SystemI::createSoundInternal             : exinfo->inclusionlist      = 00000024E560F498
[LOG] SystemI::createSoundInternal             : exinfo->inclusionlistnum   = 1
[LOG] SystemI::createSoundInternal             : exinfo->suggestedsoundtype = 5
[LOG] SystemI::createSoundInternal             : exinfo->useropen           = 00007FFBEC6A7B10
[LOG] SystemI::createSoundInternal             : exinfo->userclose          = 00007FFBEC6A7AE0
[LOG] SystemI::createSoundInternal             : exinfo->userread           = 00007FFBEC6A7BE0
[LOG] SystemI::createSoundInternal             : exinfo->userseek           = 00007FFBEC6A7CA0
[LOG] SystemI::createSoundInternal             : exinfo->fileuserdata       = 000001D261800BC8
[LOG] SystemI::createSoundInternal             : exinfo->initialseekpostype = 1
[LOG] SystemI::DSPCodecPoolRegister            : register codec pool for pool type 5
[LOG] SystemI::createSoundInternal             : Sample 0/1: name='Low Spirit 05', format=5, channels=2, frequency=48000, lengthbytes=13440, lengthpcm=78592, pcmblocksize=0, loopstart=0, loopend=0, mode=0x00000000, channelmask=0x00000000, channelorder=0, peakvolume=0.615830.
[LOG] SystemI::createSoundInternal             : Create name='', mode=0x02000202
[LOG] SystemI::createSoundInternal             : exinfo->cbsize             = 224
[LOG] SystemI::createSoundInternal             : exinfo->length             = 388224
[LOG] SystemI::createSoundInternal             : exinfo->fileoffset         = 16960
[LOG] SystemI::createSoundInternal             : exinfo->numsubsounds       = 1
[LOG] SystemI::createSoundInternal             : exinfo->inclusionlist      = 00000024E560F498
[LOG] SystemI::createSoundInternal             : exinfo->inclusionlistnum   = 1
[LOG] SystemI::createSoundInternal             : exinfo->suggestedsoundtype = 5
[LOG] SystemI::createSoundInternal             : exinfo->useropen           = 00007FFBEC6A7B10
[LOG] SystemI::createSoundInternal             : exinfo->userclose          = 00007FFBEC6A7AE0
[LOG] SystemI::createSoundInternal             : exinfo->userread           = 00007FFBEC6A7BE0
[LOG] SystemI::createSoundInternal             : exinfo->userseek           = 00007FFBEC6A7CA0
[LOG] SystemI::createSoundInternal             : exinfo->fileuserdata       = 000001D261800BC8
[LOG] SystemI::createSoundInternal             : exinfo->initialseekpostype = 1
[LOG] SystemI::DSPCodecPoolRegister            : register codec pool for pool type 5
[LOG] SystemI::createSoundInternal             : Sample 0/1: name='Low Spirit 07', format=5, channels=2, frequency=48000, lengthbytes=14272, lengthpcm=79447, pcmblocksize=0, loopstart=0, loopend=0, mode=0x00000000, channelmask=0x00000000, channelorder=0, peakvolume=0.599379.
[LOG] SystemI::createSoundInternal             : Create name='', mode=0x02000202
[LOG] SystemI::createSoundInternal             : exinfo->cbsize             = 224
[LOG] SystemI::createSoundInternal             : exinfo->length             = 388224
[LOG] SystemI::createSoundInternal             : exinfo->fileoffset         = 16960
[LOG] SystemI::createSoundInternal             : exinfo->numsubsounds       = 1
[LOG] SystemI::createSoundInternal             : exinfo->inclusionlist      = 00000024E560F498
[LOG] SystemI::createSoundInternal             : exinfo->inclusionlistnum   = 1
[LOG] SystemI::createSoundInternal             : exinfo->suggestedsoundtype = 5
[LOG] SystemI::createSoundInternal             : exinfo->useropen           = 00007FFBEC6A7B10
[LOG] SystemI::createSoundInternal             : exinfo->userclose          = 00007FFBEC6A7AE0
[LOG] SystemI::createSoundInternal             : exinfo->userread           = 00007FFBEC6A7BE0
[LOG] SystemI::createSoundInternal             : exinfo->userseek           = 00007FFBEC6A7CA0
[LOG] SystemI::createSoundInternal             : exinfo->fileuserdata       = 000001D261800BC8
[LOG] SystemI::createSoundInternal             : exinfo->initialseekpostype = 1
[LOG] SystemI::DSPCodecPoolRegister            : register codec pool for pool type 5
[LOG] SystemI::createSoundInternal             : Sample 0/1: name='Low Spirit 04', format=5, channels=2, frequency=48000, lengthbytes=19168, lengthpcm=99915, pcmblocksize=0, loopstart=0, loopend=0, mode=0x00000000, channelmask=0x00000000, channelorder=0, peakvolume=0.512557.
[LOG] SystemI::createSoundInternal             : Create name='', mode=0x02000202
[LOG] SystemI::createSoundInternal             : exinfo->cbsize             = 224
[LOG] SystemI::createSoundInternal             : exinfo->length             = 388224
[LOG] SystemI::createSoundInternal             : exinfo->fileoffset         = 16960
[LOG] SystemI::createSoundInternal             : exinfo->numsubsounds       = 1
[LOG] SystemI::createSoundInternal             : exinfo->inclusionlist      = 00000024E560F498
[LOG] SystemI::createSoundInternal             : exinfo->inclusionlistnum   = 1
[LOG] SystemI::createSoundInternal             : exinfo->suggestedsoundtype = 5
[LOG] SystemI::createSoundInternal             : exinfo->useropen           = 00007FFBEC6A7B10
[LOG] SystemI::createSoundInternal             : exinfo->userclose          = 00007FFBEC6A7AE0
[LOG] SystemI::createSoundInternal             : exinfo->userread           = 00007FFBEC6A7BE0
[LOG] SystemI::createSoundInternal             : exinfo->userseek           = 00007FFBEC6A7CA0
[LOG] SystemI::createSoundInternal             : exinfo->fileuserdata       = 000001D261800BC8
[LOG] SystemI::createSoundInternal             : exinfo->initialseekpostype = 1
[LOG] SystemI::DSPCodecPoolRegister            : register codec pool for pool type 5
[LOG] SystemI::createSoundInternal             : Sample 0/1: name='Low Spirit 10', format=5, channels=2, frequency=48000, lengthbytes=12640, lengthpcm=71322, pcmblocksize=0, loopstart=0, loopend=0, mode=0x00000000, channelmask=0x00000000, channelorder=0, peakvolume=1.000000.
[LOG] SystemI::createSoundInternal             : Create name='', mode=0x02000202
[LOG] SystemI::createSoundInternal             : exinfo->cbsize             = 224
[LOG] SystemI::createSoundInternal             : exinfo->length             = 388224
[LOG] SystemI::createSoundInternal             : exinfo->fileoffset         = 16960
[LOG] SystemI::createSoundInternal             : exinfo->numsubsounds       = 1
[LOG] SystemI::createSoundInternal             : exinfo->inclusionlist      = 00000024E560F498
[LOG] SystemI::createSoundInternal             : exinfo->inclusionlistnum   = 1
[LOG] SystemI::createSoundInternal             : exinfo->suggestedsoundtype = 5
[LOG] SystemI::createSoundInternal             : exinfo->useropen           = 00007FFBEC6A7B10
[LOG] SystemI::createSoundInternal             : exinfo->userclose          = 00007FFBEC6A7AE0
[LOG] SystemI::createSoundInternal             : exinfo->userread           = 00007FFBEC6A7BE0
[LOG] SystemI::createSoundInternal             : exinfo->userseek           = 00007FFBEC6A7CA0
[LOG] SystemI::createSoundInternal             : exinfo->fileuserdata       = 000001D261800BC8
[LOG] SystemI::createSoundInternal             : exinfo->initialseekpostype = 1
[LOG] SystemI::DSPCodecPoolRegister            : register codec pool for pool type 5
[LOG] SystemI::createSoundInternal             : Sample 0/1: name='Low Spirit 12', format=5, channels=2, frequency=48000, lengthbytes=16864, lengthpcm=88378, pcmblocksize=0, loopstart=0, loopend=0, mode=0x00000000, channelmask=0x00000000, channelorder=0, peakvolume=0.564188.
[LOG] SystemI::createSoundInternal             : Create name='', mode=0x02000202
[LOG] SystemI::createSoundInternal             : exinfo->cbsize             = 224
[LOG] SystemI::createSoundInternal             : exinfo->length             = 388224
[LOG] SystemI::createSoundInternal             : exinfo->fileoffset         = 16960
[LOG] SystemI::createSoundInternal             : exinfo->numsubsounds       = 1
[LOG] SystemI::createSoundInternal             : exinfo->inclusionlist      = 00000024E560F498
[LOG] SystemI::createSoundInternal             : exinfo->inclusionlistnum   = 1
[LOG] SystemI::createSoundInternal             : exinfo->suggestedsoundtype = 5
[LOG] SystemI::createSoundInternal             : exinfo->useropen           = 00007FFBEC6A7B10
[LOG] SystemI::createSoundInternal             : exinfo->userclose          = 00007FFBEC6A7AE0
[LOG] SystemI::createSoundInternal             : exinfo->userread           = 00007FFBEC6A7BE0
[LOG] SystemI::createSoundInternal             : exinfo->userseek           = 00007FFBEC6A7CA0
[LOG] SystemI::createSoundInternal             : exinfo->fileuserdata       = 000001D261800BC8
[LOG] SystemI::createSoundInternal             : exinfo->initialseekpostype = 1
[LOG] SystemI::DSPCodecPoolRegister            : register codec pool for pool type 5
[LOG] SystemI::createSoundInternal             : Sample 0/1: name='Piano Spirit Collect 02', format=5, channels=2, frequency=48000, lengthbytes=38336, lengthpcm=333240, pcmblocksize=0, loopstart=0, loopend=0, mode=0x00000000, channelmask=0x00000000, channelorder=0, peakvolume=0.276783.
[LOG] SystemI::createSoundInternal             : Create name='', mode=0x02000202
[LOG] SystemI::createSoundInternal             : exinfo->cbsize             = 224
[LOG] SystemI::createSoundInternal             : exinfo->length             = 388224
[LOG] SystemI::createSoundInternal             : exinfo->fileoffset         = 16960
[LOG] SystemI::createSoundInternal             : exinfo->numsubsounds       = 1
[LOG] SystemI::createSoundInternal             : exinfo->inclusionlist      = 00000024E560F498
[LOG] SystemI::createSoundInternal             : exinfo->inclusionlistnum   = 1
[LOG] SystemI::createSoundInternal             : exinfo->suggestedsoundtype = 5
[LOG] SystemI::createSoundInternal             : exinfo->useropen           = 00007FFBEC6A7B10
[LOG] SystemI::createSoundInternal             : exinfo->userclose          = 00007FFBEC6A7AE0
[LOG] SystemI::createSoundInternal             : exinfo->userread           = 00007FFBEC6A7BE0
[LOG] SystemI::createSoundInternal             : exinfo->userseek           = 00007FFBEC6A7CA0
[LOG] SystemI::createSoundInternal             : exinfo->fileuserdata       = 000001D261800BC8
[LOG] SystemI::createSoundInternal             : exinfo->initialseekpostype = 1
[LOG] SystemI::DSPCodecPoolRegister            : register codec pool for pool type 5
[LOG] SystemI::createSoundInternal             : Sample 0/1: name='Low Spirit 03', format=5, channels=2, frequency=48000, lengthbytes=17152, lengthpcm=97241, pcmblocksize=0, loopstart=0, loopend=0, mode=0x00000000, channelmask=0x00000000, channelorder=0, peakvolume=0.964829.
[LOG] Manager::readBank                        : fileversion = 135, compatVersion = 132 (oldest = 44, newest = 135)
[LOG] SoundI::release                          :  (000001D26172A4A8)
[LOG] SoundI::release                          :     Mid Spirit 06 (000001D261737328)
[LOG] SoundI::release                          :  (000001D2617294D8)
[LOG] SoundI::release                          :     Mid Spirit 07 (000001D261736628)
[LOG] SoundI::release                          :  (000001D26172B758)
[LOG] SoundI::release                          :     Mid Spirit 08 (000001D261737E88)
[LOG] SoundI::release                          :  (000001D26172AA68)
[LOG] SoundI::release                          :     Mid Spirit 09 (000001D26173A248)
[LOG] SoundI::release                          :  (000001D261729928)
[LOG] SoundI::release                          :     Mid Spirit 10 (000001D261739548)
[LOG] SoundI::release                          :  (000001D26172CA08)
[LOG] SoundI::release                          :     Mid Spirit 11 (000001D261739D68)
[LOG] SoundI::release                          :  (000001D261729648)
[LOG] SoundI::release                          :     Mid Spirit 12 (000001D261736FE8)
[LOG] SoundI::release                          :  (000001D26172ABD8)
[LOG] SoundI::release                          :     Mid Spirit 13 (000001D26173A8C8)
[LOG] SoundI::release                          :  (000001D26172A338)
[LOG] SoundI::release                          :     Mid Spirit 01 (000001D261737B48)
[LOG] SoundI::release                          :  (000001D26172B8C8)
[LOG] SoundI::release                          :     Mid Spirit 02 (000001D26173B0E8)
[LOG] SoundI::release                          :  (000001D261729088)
[LOG] SoundI::release                          :     Mid Spirit 03 (000001D261739888)
[LOG] SoundI::release                          :  (000001D261729EE8)
[LOG] SoundI::release                          :     Mid Spirit 04 (000001D2617355E8)
[LOG] SoundI::release                          :  (000001D26172C5B8)
[LOG] SoundI::release                          :     Mid Spirit 05 (000001D261735E08)
[LOG] SoundI::release                          :  (000001D26172BFF8)
[LOG] SoundI::release                          :     Piano Spirit Collect 02 (000001D2617389E8)
[LOG] SoundI::release                          : Birds 01 (000001D2526782C8)
[LOG] SoundI::release                          :     Birds 01 (000001D261738848)
[LOG] SoundI::release                          :     Birds 01 (000001D260F52788)
[LOG] SoundI::release                          : Level 1 Music No Rain (000001D1A76C85E8)
[LOG] SoundI::release                          :     Level 1 Music No Rain (000001D2617393A8)
[LOG] SoundI::release                          :     Level 1 Music No Rain (000001D1D06D0298)
[LOG] SoundI::release                          : Rain (000001D260F52428)
[LOG] SoundI::release                          :     Rain (000001D261737188)
[LOG] SoundI::release                          :     Rain (000001D260F52FF8)
[LOG] SoundI::release                          : Fountain-10Min (000001D1D06CF1B8)
[LOG] SoundI::release                          :     Fountain-10Min (000001D261736E48)
[LOG] SoundI::release                          :     Fountain-10Min (000001D260F52C98)
[LOG] SoundI::release                          :  (000001D2617291F8)
[LOG] SoundI::release                          :     Low Spirit 11 (000001D261736CA8)
[LOG] SoundI::release                          :  (000001D26172C168)
[LOG] SoundI::release                          :     Low Spirit 12 (000001D26173B288)
[LOG] SoundI::release                          :  (000001D26172AD48)
[LOG] SoundI::release                          :     Low Spirit 13 (000001D261738368)
[LOG] SoundI::release                          :  (000001D26172B308)
[LOG] SoundI::release                          :     Low Spirit 01 (000001D26173AA68)
[LOG] SoundI::release                          :  (000001D26172C448)
[LOG] SoundI::release                          :     Low Spirit 02 (000001D261736488)
[LOG] SoundI::release                          :  (000001D26172B198)
[LOG] SoundI::release                          :     Low Spirit 03 (000001D261736968)
[LOG] SoundI::release                          :  (000001D261729C08)
[LOG] SoundI::release                          :     Low Spirit 04 (000001D26173ADA8)
[LOG] SoundI::release                          :  (000001D26172A618)
[LOG] SoundI::release                          :     Low Spirit 05 (000001D2617367C8)
[LOG] SoundI::release                          :  (000001D261729A98)
[LOG] SoundI::release                          :     Low Spirit 06 (000001D26173AC08)
[LOG] SoundI::release                          :  (000001D26172BBA8)
[LOG] SoundI::release                          :     Low Spirit 07 (000001D261735FA8)
[LOG] SoundI::release                          :  (000001D2617297B8)
[LOG] SoundI::release                          :     Low Spirit 08 (000001D261738D28)
[LOG] SoundI::release                          :  (000001D26172C898)
[LOG] SoundI::release                          :     Low Spirit 09 (000001D261737808)
[LOG] SoundI::release                          :  (000001D26172B028)
[LOG] SoundI::release                          :     Low Spirit 10 (000001D2617374C8)
[LOG] SoundI::release                          :  (000001D26172B478)
[LOG] SoundI::release                          :     Piano Spirit Collect (000001D2617381C8)
[LOG] Thread::callback                         : FMOD Studio update thread finished.
[LOG] Thread::callback                         : FMOD Studio bank load thread finished.
[LOG] Profile::disconnectAll                   : Profiler disconnecting all clients
[LOG] Thread::callback                         : FMOD Studio sample load thread finished.
[LOG] LiveUpdate::release                      : 
[LOG] LiveUpdate::reset                        : Reset connection (reason Disconnected)
[LOG] Thread::callback                         : FMOD stream thread finished.
[LOG] Thread::callback                         : FMOD mixer thread finished.
[LOG] Profile::disconnectAll                   : Profiler disconnecting all clients
[LOG] SystemI::close                           : Closed.
[LOG] Manager::readBank                        : fileversion = 135, compatVersion = 132 (oldest = 44, newest = 135)
[LOG] Manager::readBank                        : fileversion = 135, compatVersion = 132 (oldest = 44, newest = 135)
[LOG] Manager::readBank                        : fileversion = 135, compatVersion = 132 (oldest = 44, newest = 135)
[LOG] Manager::readBank                        : fileversion = 135, compatVersion = 132 (oldest = 44, newest = 135)
[LOG] Manager::readBank                        : fileversion = 135, compatVersion = 132 (oldest = 44, newest = 135)
[LOG] Manager::readBank                        : fileversion = 135, compatVersion = 132 (oldest = 44, newest = 135)
[LOG] PlaybackSystem::acquireMasterBus         : Setting master channel group format to 6
[LOG] Manager::readBank                        : fileversion = 135, compatVersion = 132 (oldest = 44, newest = 135)
[LOG] Manager::readBank                        : fileversion = 135, compatVersion = 132 (oldest = 44, newest = 135)
[LOG] Manager::readBank                        : fileversion = 135, compatVersion = 132 (oldest = 44, newest = 135)
[LOG] Thread::callback                         : FMOD Studio bank load thread finished.
[LOG] Thread::callback                         : FMOD Studio sample load thread finished.
[LOG] LiveUpdate::release                      : 
[LOG] LiveUpdate::reset                        : Reset connection (reason Disconnected)
[LOG] Thread::callback                         : FMOD stream thread finished.
[LOG] Thread::callback                         : FMOD mixer thread finished.
[LOG] SystemI::close                           : Closed.
[LOG] Thread::callback                         : FMOD nonblocking thread (0) finished.
[LOG] Thread::callback                         : FMOD file thread finished.
